<?xml version="1.0" encoding="UTF-8"?>
<!-- Generated by org.testng.reporters.JUnitXMLReporter -->
<testsuite hostname="ibtikar" ignored="1" name="Default test" tests="1" failures="0" timestamp="2021-08-17T14:28:25 EET" time="1.029" errors="0">
  <testcase name="Admin_login" time="0.928" classname="tests.LoginTest"/>
  <testcase name="@BeforeSuite startDriver" time="0.0" classname="tests.TestBase">
    <ignored/>
  </testcase> <!-- @BeforeSuite startDriver -->
</testsuite> <!-- Default test -->
