<?xml version="1.0" encoding="UTF-8"?>
<!-- Generated by org.testng.reporters.JUnitXMLReporter -->
<testsuite ignored="1" hostname="ibtikar" failures="0" tests="1" name="Command line test" time="1.002" errors="0" timestamp="2021-08-17T14:37:39 EET">
  <testcase classname="tests.LoginTest" name="Admin_login" time="0.897"/>
  <testcase classname="tests.TestBase" name="@BeforeSuite startDriver" time="0.0">
    <ignored/>
  </testcase> <!-- @BeforeSuite startDriver -->
</testsuite> <!-- Command line test -->
