<?xml version="1.0" encoding="UTF-8"?>
<testng-results ignored="1" total="2" passed="1" failed="0" skipped="0">
  <reporter-output>
  </reporter-output>
  <suite started-at="2021-08-17T14:37:37 EET" name="Command line suite" finished-at="2021-08-17T14:37:38 EET" duration-ms="1002">
    <groups>
    </groups>
    <test started-at="2021-08-17T14:37:37 EET" name="Command line test" finished-at="2021-08-17T14:37:38 EET" duration-ms="1002">
      <class name="tests.LoginTest">
        <test-method is-config="true" signature="startDriver()[pri:0, instance:tests.LoginTest@12f41634]" started-at="2021-08-17T14:37:34 EET" name="startDriver" finished-at="2021-08-17T14:37:37 EET" duration-ms="3789" status="PASS">
          <reporter-output>
          </reporter-output>
        </test-method> <!-- startDriver -->
        <test-method signature="Admin_login()[pri:0, instance:tests.LoginTest@12f41634]" started-at="2021-08-17T14:37:38 EET" name="Admin_login" finished-at="2021-08-17T14:37:38 EET" duration-ms="897" status="PASS">
          <reporter-output>
          </reporter-output>
        </test-method> <!-- Admin_login -->
        <test-method is-config="true" signature="endDriver()[pri:0, instance:tests.LoginTest@12f41634]" started-at="2021-08-17T14:37:38 EET" name="endDriver" finished-at="2021-08-17T14:37:38 EET" duration-ms="78" status="PASS">
          <reporter-output>
          </reporter-output>
        </test-method> <!-- endDriver -->
      </class> <!-- tests.LoginTest -->
    </test> <!-- Command line test -->
  </suite> <!-- Command line suite -->
</testng-results>
