<?xml version="1.0" encoding="UTF-8"?>
<testng-results skipped="0" failed="0" ignored="1" total="2" passed="1">
  <reporter-output>
  </reporter-output>
  <suite name="Default suite" duration-ms="1029" started-at="2021-08-17T14:28:24 EET" finished-at="2021-08-17T14:28:25 EET">
    <groups>
    </groups>
    <test name="Default test" duration-ms="1029" started-at="2021-08-17T14:28:24 EET" finished-at="2021-08-17T14:28:25 EET">
      <class name="tests.LoginTest">
        <test-method status="PASS" signature="startDriver()[pri:0, instance:tests.LoginTest@59e5ddf]" name="startDriver" is-config="true" duration-ms="3815" started-at="2021-08-17T14:28:20 EET" finished-at="2021-08-17T14:28:24 EET">
          <reporter-output>
          </reporter-output>
        </test-method> <!-- startDriver -->
        <test-method status="PASS" signature="Admin_login()[pri:0, instance:tests.LoginTest@59e5ddf]" name="Admin_login" duration-ms="928" started-at="2021-08-17T14:28:24 EET" finished-at="2021-08-17T14:28:25 EET">
          <reporter-output>
          </reporter-output>
        </test-method> <!-- Admin_login -->
        <test-method status="PASS" signature="endDriver()[pri:0, instance:tests.LoginTest@59e5ddf]" name="endDriver" is-config="true" duration-ms="73" started-at="2021-08-17T14:28:25 EET" finished-at="2021-08-17T14:28:25 EET">
          <reporter-output>
          </reporter-output>
        </test-method> <!-- endDriver -->
      </class> <!-- tests.LoginTest -->
    </test> <!-- Default test -->
  </suite> <!-- Default suite -->
</testng-results>
